<?xml version="1.0" encoding="UTF-8"?>
<testng-results skipped="0" failed="0" total="4" passed="4">
  <reporter-output>
  </reporter-output>
  <suite name="Default suite" duration-ms="46563" started-at="2021-06-12T13:05:07Z" finished-at="2021-06-12T13:05:54Z">
    <groups>
    </groups>
    <test name="Default test" duration-ms="46563" started-at="2021-06-12T13:05:07Z" finished-at="2021-06-12T13:05:54Z">
      <class name="DataDrivenPackage.RecapDDP">
        <test-method status="PASS" signature="beforelaunch()[pri:0, instance:DataDrivenPackage.RecapDDP@7907ec20]" name="beforelaunch" is-config="true" duration-ms="2089" started-at="2021-06-12T18:35:05Z" finished-at="2021-06-12T18:35:07Z">
          <reporter-output>
          </reporter-output>
        </test-method> <!-- beforelaunch -->
        <test-method status="PASS" signature="loginmethod(java.lang.String, java.lang.String)[pri:0, instance:DataDrivenPackage.RecapDDP@7907ec20]" name="loginmethod" duration-ms="17829" started-at="2021-06-12T18:35:07Z" data-provider="logindata" finished-at="2021-06-12T18:35:25Z">
          <params>
            <param index="0">
              <value>
                <![CDATA[admin]]>
              </value>
            </param>
            <param index="1">
              <value>
                <![CDATA[dummy]]>
              </value>
            </param>
          </params>
          <reporter-output>
          </reporter-output>
        </test-method> <!-- loginmethod -->
        <test-method status="PASS" signature="loginmethod(java.lang.String, java.lang.String)[pri:0, instance:DataDrivenPackage.RecapDDP@7907ec20]" name="loginmethod" duration-ms="5795" started-at="2021-06-12T18:35:25Z" data-provider="logindata" finished-at="2021-06-12T18:35:31Z">
          <params>
            <param index="0">
              <value>
                <![CDATA[Admin]]>
              </value>
            </param>
            <param index="1">
              <value>
                <![CDATA[dummy]]>
              </value>
            </param>
          </params>
          <reporter-output>
          </reporter-output>
        </test-method> <!-- loginmethod -->
        <test-method status="PASS" signature="loginmethod(java.lang.String, java.lang.String)[pri:0, instance:DataDrivenPackage.RecapDDP@7907ec20]" name="loginmethod" duration-ms="6472" started-at="2021-06-12T18:35:31Z" data-provider="logindata" finished-at="2021-06-12T18:35:37Z">
          <params>
            <param index="0">
              <value>
                <![CDATA[dummy]]>
              </value>
            </param>
            <param index="1">
              <value>
                <![CDATA[admin123]]>
              </value>
            </param>
          </params>
          <reporter-output>
          </reporter-output>
        </test-method> <!-- loginmethod -->
        <test-method status="PASS" signature="loginmethod(java.lang.String, java.lang.String)[pri:0, instance:DataDrivenPackage.RecapDDP@7907ec20]" name="loginmethod" duration-ms="16279" started-at="2021-06-12T18:35:37Z" data-provider="logindata" finished-at="2021-06-12T18:35:54Z">
          <params>
            <param index="0">
              <value>
                <![CDATA[Admin]]>
              </value>
            </param>
            <param index="1">
              <value>
                <![CDATA[admin123]]>
              </value>
            </param>
          </params>
          <reporter-output>
          </reporter-output>
        </test-method> <!-- loginmethod -->
        <test-method status="PASS" signature="afterlaunch()[pri:0, instance:DataDrivenPackage.RecapDDP@7907ec20]" name="afterlaunch" is-config="true" duration-ms="660" started-at="2021-06-12T18:35:54Z" finished-at="2021-06-12T18:35:54Z">
          <reporter-output>
          </reporter-output>
        </test-method> <!-- afterlaunch -->
      </class> <!-- DataDrivenPackage.RecapDDP -->
    </test> <!-- Default test -->
  </suite> <!-- Default suite -->
</testng-results>
