<?xml version="1.0" encoding="UTF-8"?>
<!-- Generated by org.testng.reporters.JUnitXMLReporter -->
<testsuite hostname="LAPTOP-VD69BM2J" name="Default test" tests="4" failures="0" timestamp="12 Jun 2021 13:05:54 GMT" time="46.563" errors="0">
  <testcase name="loginmethod" time="17.829" classname="DataDrivenPackage.RecapDDP"/>
  <testcase name="loginmethod" time="5.795" classname="DataDrivenPackage.RecapDDP"/>
  <testcase name="loginmethod" time="6.472" classname="DataDrivenPackage.RecapDDP"/>
  <testcase name="loginmethod" time="16.279" classname="DataDrivenPackage.RecapDDP"/>
</testsuite> <!-- Default test -->
